<?xml version="1.0" encoding="UTF-8"?>
<!-- Generated by org.testng.reporters.JUnitReportReporter -->
<testsuite hostname="DESKTOP-670LUFL" failures="0" tests="2" name="com.qa.tests.LoginPageTest" time="77.108" errors="2" timestamp="2025-05-14T18:50:07 IST" skipped="0">
  <testcase classname="com.qa.tests.LoginPageTest" name="Verify_Login_with_validdetails" time="42.014">
    <error message="Error {
  message=&#039;Timeout 30000ms exceeded.
  name=&#039;TimeoutError
  stack=&#039;TimeoutError: Timeout 30000ms exceeded.
    at ProgressController.run (C:\Users\Amizhth\AppData\Local\Temp\playwright-java-7981198665408932861\package\lib\server\progress.js:75:26)
    at Frame.fill (C:\Users\Amizhth\AppData\Local\Temp\playwright-java-7981198665408932861\package\lib\server\frames.js:1072:23)
    at FrameDispatcher.fill (C:\Users\Amizhth\AppData\Local\Temp\playwright-java-7981198665408932861\package\lib\server\dispatchers\frameDispatcher.js:169:30)
    at FrameDispatcher._handleCommand (C:\Users\Amizhth\AppData\Local\Temp\playwright-java-7981198665408932861\package\lib\server\dispatchers\dispatcher.js:96:40)
    at DispatcherConnection.dispatch (C:\Users\Amizhth\AppData\Local\Temp\playwright-java-7981198665408932861\package\lib\server\dispatchers\dispatcher.js:366:39)
}
Call log:
-   - waiting for getByRole(AriaRole.TEXTBOX, new Page.GetByRoleOptions().setName(&quot;Please enter OTP character 1&quot;))
" type="com.microsoft.playwright.TimeoutError">
      <![CDATA[com.microsoft.playwright.TimeoutError: Error {
  message='Timeout 30000ms exceeded.
  name='TimeoutError
  stack='TimeoutError: Timeout 30000ms exceeded.
    at ProgressController.run (C:\Users\Amizhth\AppData\Local\Temp\playwright-java-7981198665408932861\package\lib\server\progress.js:75:26)
    at Frame.fill (C:\Users\Amizhth\AppData\Local\Temp\playwright-java-7981198665408932861\package\lib\server\frames.js:1072:23)
    at FrameDispatcher.fill (C:\Users\Amizhth\AppData\Local\Temp\playwright-java-7981198665408932861\package\lib\server\dispatchers\frameDispatcher.js:169:30)
    at FrameDispatcher._handleCommand (C:\Users\Amizhth\AppData\Local\Temp\playwright-java-7981198665408932861\package\lib\server\dispatchers\dispatcher.js:96:40)
    at DispatcherConnection.dispatch (C:\Users\Amizhth\AppData\Local\Temp\playwright-java-7981198665408932861\package\lib\server\dispatchers\dispatcher.js:366:39)
}
Call log:
-   - waiting for getByRole(AriaRole.TEXTBOX, new Page.GetByRoleOptions().setName("Please enter OTP character 1"))

at com.microsoft.playwright.impl.WaitableResult.get(WaitableResult.java:52)
at com.microsoft.playwright.impl.ChannelOwner.runUntil(ChannelOwner.java:132)
at com.microsoft.playwright.impl.Connection.sendMessage(Connection.java:130)
at com.microsoft.playwright.impl.ChannelOwner.sendMessage(ChannelOwner.java:118)
at com.microsoft.playwright.impl.FrameImpl.fillImpl(FrameImpl.java:335)
at com.microsoft.playwright.impl.FrameImpl.lambda$fill$14(FrameImpl.java:325)
at com.microsoft.playwright.impl.LoggingSupport.lambda$withLogging$0(LoggingSupport.java:36)
at com.microsoft.playwright.impl.LoggingSupport.withLogging(LoggingSupport.java:47)
at com.microsoft.playwright.impl.ChannelOwner.withLogging(ChannelOwner.java:97)
at com.microsoft.playwright.impl.LoggingSupport.withLogging(LoggingSupport.java:35)
at com.microsoft.playwright.impl.FrameImpl.fill(FrameImpl.java:325)
at com.microsoft.playwright.impl.LocatorImpl.fill(LocatorImpl.java:249)
at com.microsoft.playwright.Locator.fill(Locator.java:3075)
at com.qa.thalamz.pages.LoginPage.enterOtp(LoginPage.java:41)
at com.qa.tests.LoginPageTest.Verify_Login_with_validdetails(LoginPageTest.java:17)
at java.base/jdk.internal.reflect.NativeMethodAccessorImpl.invoke0(Native Method)
at java.base/jdk.internal.reflect.NativeMethodAccessorImpl.invoke(NativeMethodAccessorImpl.java:62)
at java.base/jdk.internal.reflect.DelegatingMethodAccessorImpl.invoke(DelegatingMethodAccessorImpl.java:43)
at java.base/java.lang.reflect.Method.invoke(Method.java:566)
at org.testng.internal.invokers.MethodInvocationHelper.invokeMethod(MethodInvocationHelper.java:141)
at org.testng.internal.invokers.TestInvoker.invokeMethod(TestInvoker.java:687)
at org.testng.internal.invokers.TestInvoker.invokeTestMethod(TestInvoker.java:230)
at org.testng.internal.invokers.MethodRunner.runInSequence(MethodRunner.java:63)
at org.testng.internal.invokers.TestInvoker$MethodInvocationAgent.invoke(TestInvoker.java:995)
at org.testng.internal.invokers.TestInvoker.invokeTestMethods(TestInvoker.java:203)
at org.testng.internal.invokers.TestMethodWorker.invokeTestMethods(TestMethodWorker.java:154)
at org.testng.internal.invokers.TestMethodWorker.run(TestMethodWorker.java:134)
at java.base/java.util.ArrayList.forEach(ArrayList.java:1541)
at org.testng.TestRunner.privateRun(TestRunner.java:741)
at org.testng.TestRunner.run(TestRunner.java:616)
at org.testng.SuiteRunner.runTest(SuiteRunner.java:421)
at org.testng.SuiteRunner.runSequentially(SuiteRunner.java:413)
at org.testng.SuiteRunner.privateRun(SuiteRunner.java:373)
at org.testng.SuiteRunner.run(SuiteRunner.java:312)
at org.testng.SuiteRunnerWorker.runSuite(SuiteRunnerWorker.java:52)
at org.testng.SuiteRunnerWorker.run(SuiteRunnerWorker.java:95)
at org.testng.TestNG.runSuitesSequentially(TestNG.java:1274)
at org.testng.TestNG.runSuitesLocally(TestNG.java:1208)
at org.testng.TestNG.runSuites(TestNG.java:1112)
at org.testng.TestNG.run(TestNG.java:1079)
at org.testng.remote.AbstractRemoteTestNG.run(AbstractRemoteTestNG.java:115)
at org.testng.remote.RemoteTestNG.initAndRun(RemoteTestNG.java:293)
at org.testng.remote.RemoteTestNG.main(RemoteTestNG.java:91)
Caused by: com.microsoft.playwright.TimeoutError: Error {
  message='Timeout 30000ms exceeded.
  name='TimeoutError
  stack='TimeoutError: Timeout 30000ms exceeded.
    at ProgressController.run (C:\Users\Amizhth\AppData\Local\Temp\playwright-java-7981198665408932861\package\lib\server\progress.js:75:26)
    at Frame.fill (C:\Users\Amizhth\AppData\Local\Temp\playwright-java-7981198665408932861\package\lib\server\frames.js:1072:23)
    at FrameDispatcher.fill (C:\Users\Amizhth\AppData\Local\Temp\playwright-java-7981198665408932861\package\lib\server\dispatchers\frameDispatcher.js:169:30)
    at FrameDispatcher._handleCommand (C:\Users\Amizhth\AppData\Local\Temp\playwright-java-7981198665408932861\package\lib\server\dispatchers\dispatcher.js:96:40)
    at DispatcherConnection.dispatch (C:\Users\Amizhth\AppData\Local\Temp\playwright-java-7981198665408932861\package\lib\server\dispatchers\dispatcher.js:366:39)
}
Call log:
-   - waiting for getByRole(AriaRole.TEXTBOX, new Page.GetByRoleOptions().setName("Please enter OTP character 1"))

at com.microsoft.playwright.impl.Connection.dispatch(Connection.java:254)
at com.microsoft.playwright.impl.Connection.processOneMessage(Connection.java:211)
at com.microsoft.playwright.impl.ChannelOwner.runUntil(ChannelOwner.java:130)
... 41 more
]]>
    </error>
  </testcase> <!-- Verify_Login_with_validdetails -->
  <testcase classname="com.qa.tests.LoginPageTest" name="verifyMobileNumberDoesNotAcceptAlphabets" time="35.094">
    <error message="Error {
  message=&#039;Timeout 30000ms exceeded.
  name=&#039;TimeoutError
  stack=&#039;TimeoutError: Timeout 30000ms exceeded.
    at ProgressController.run (C:\Users\Amizhth\AppData\Local\Temp\playwright-java-7981198665408932861\package\lib\server\progress.js:75:26)
    at Frame._callOnElementOnceMatches (C:\Users\Amizhth\AppData\Local\Temp\playwright-java-7981198665408932861\package\lib\server\frames.js:1483:23)
    at Frame.textContent (C:\Users\Amizhth\AppData\Local\Temp\playwright-java-7981198665408932861\package\lib\server\frames.js:1089:17)
    at FrameDispatcher.textContent (C:\Users\Amizhth\AppData\Local\Temp\playwright-java-7981198665408932861\package\lib\server\dispatchers\frameDispatcher.js:178:37)
    at FrameDispatcher._handleCommand (C:\Users\Amizhth\AppData\Local\Temp\playwright-java-7981198665408932861\package\lib\server\dispatchers\dispatcher.js:96:40)
    at DispatcherConnection.dispatch (C:\Users\Amizhth\AppData\Local\Temp\playwright-java-7981198665408932861\package\lib\server\dispatchers\dispatcher.js:366:39)
}
Call log:
-   - waiting for getByText(&quot;#mobileNumber-helper-text&quot;)
" type="com.microsoft.playwright.TimeoutError">
      <![CDATA[com.microsoft.playwright.TimeoutError: Error {
  message='Timeout 30000ms exceeded.
  name='TimeoutError
  stack='TimeoutError: Timeout 30000ms exceeded.
    at ProgressController.run (C:\Users\Amizhth\AppData\Local\Temp\playwright-java-7981198665408932861\package\lib\server\progress.js:75:26)
    at Frame._callOnElementOnceMatches (C:\Users\Amizhth\AppData\Local\Temp\playwright-java-7981198665408932861\package\lib\server\frames.js:1483:23)
    at Frame.textContent (C:\Users\Amizhth\AppData\Local\Temp\playwright-java-7981198665408932861\package\lib\server\frames.js:1089:17)
    at FrameDispatcher.textContent (C:\Users\Amizhth\AppData\Local\Temp\playwright-java-7981198665408932861\package\lib\server\dispatchers\frameDispatcher.js:178:37)
    at FrameDispatcher._handleCommand (C:\Users\Amizhth\AppData\Local\Temp\playwright-java-7981198665408932861\package\lib\server\dispatchers\dispatcher.js:96:40)
    at DispatcherConnection.dispatch (C:\Users\Amizhth\AppData\Local\Temp\playwright-java-7981198665408932861\package\lib\server\dispatchers\dispatcher.js:366:39)
}
Call log:
-   - waiting for getByText("#mobileNumber-helper-text")

at com.microsoft.playwright.impl.WaitableResult.get(WaitableResult.java:52)
at com.microsoft.playwright.impl.ChannelOwner.runUntil(ChannelOwner.java:132)
at com.microsoft.playwright.impl.Connection.sendMessage(Connection.java:130)
at com.microsoft.playwright.impl.ChannelOwner.sendMessage(ChannelOwner.java:118)
at com.microsoft.playwright.impl.FrameImpl.textContentImpl(FrameImpl.java:818)
at com.microsoft.playwright.impl.FrameImpl.lambda$textContent$38(FrameImpl.java:809)
at com.microsoft.playwright.impl.LoggingSupport.withLogging(LoggingSupport.java:47)
at com.microsoft.playwright.impl.ChannelOwner.withLogging(ChannelOwner.java:97)
at com.microsoft.playwright.impl.FrameImpl.textContent(FrameImpl.java:809)
at com.microsoft.playwright.impl.LocatorImpl.textContent(LocatorImpl.java:606)
at com.microsoft.playwright.Locator.textContent(Locator.java:5281)
at com.qa.thalamz.pages.LoginPage.FieldError(LoginPage.java:67)
at com.qa.tests.LoginPageTest.verifyMobileNumberDoesNotAcceptAlphabets(LoginPageTest.java:38)
at java.base/jdk.internal.reflect.NativeMethodAccessorImpl.invoke0(Native Method)
at java.base/jdk.internal.reflect.NativeMethodAccessorImpl.invoke(NativeMethodAccessorImpl.java:62)
at java.base/jdk.internal.reflect.DelegatingMethodAccessorImpl.invoke(DelegatingMethodAccessorImpl.java:43)
at java.base/java.lang.reflect.Method.invoke(Method.java:566)
at org.testng.internal.invokers.MethodInvocationHelper.invokeMethod(MethodInvocationHelper.java:141)
at org.testng.internal.invokers.TestInvoker.invokeMethod(TestInvoker.java:687)
at org.testng.internal.invokers.TestInvoker.invokeTestMethod(TestInvoker.java:230)
at org.testng.internal.invokers.MethodRunner.runInSequence(MethodRunner.java:63)
at org.testng.internal.invokers.TestInvoker$MethodInvocationAgent.invoke(TestInvoker.java:995)
at org.testng.internal.invokers.TestInvoker.invokeTestMethods(TestInvoker.java:203)
at org.testng.internal.invokers.TestMethodWorker.invokeTestMethods(TestMethodWorker.java:154)
at org.testng.internal.invokers.TestMethodWorker.run(TestMethodWorker.java:134)
at java.base/java.util.ArrayList.forEach(ArrayList.java:1541)
at org.testng.TestRunner.privateRun(TestRunner.java:741)
at org.testng.TestRunner.run(TestRunner.java:616)
at org.testng.SuiteRunner.runTest(SuiteRunner.java:421)
at org.testng.SuiteRunner.runSequentially(SuiteRunner.java:413)
at org.testng.SuiteRunner.privateRun(SuiteRunner.java:373)
at org.testng.SuiteRunner.run(SuiteRunner.java:312)
at org.testng.SuiteRunnerWorker.runSuite(SuiteRunnerWorker.java:52)
at org.testng.SuiteRunnerWorker.run(SuiteRunnerWorker.java:95)
at org.testng.TestNG.runSuitesSequentially(TestNG.java:1274)
at org.testng.TestNG.runSuitesLocally(TestNG.java:1208)
at org.testng.TestNG.runSuites(TestNG.java:1112)
at org.testng.TestNG.run(TestNG.java:1079)
at org.testng.remote.AbstractRemoteTestNG.run(AbstractRemoteTestNG.java:115)
at org.testng.remote.RemoteTestNG.initAndRun(RemoteTestNG.java:293)
at org.testng.remote.RemoteTestNG.main(RemoteTestNG.java:91)
Caused by: com.microsoft.playwright.TimeoutError: Error {
  message='Timeout 30000ms exceeded.
  name='TimeoutError
  stack='TimeoutError: Timeout 30000ms exceeded.
    at ProgressController.run (C:\Users\Amizhth\AppData\Local\Temp\playwright-java-7981198665408932861\package\lib\server\progress.js:75:26)
    at Frame._callOnElementOnceMatches (C:\Users\Amizhth\AppData\Local\Temp\playwright-java-7981198665408932861\package\lib\server\frames.js:1483:23)
    at Frame.textContent (C:\Users\Amizhth\AppData\Local\Temp\playwright-java-7981198665408932861\package\lib\server\frames.js:1089:17)
    at FrameDispatcher.textContent (C:\Users\Amizhth\AppData\Local\Temp\playwright-java-7981198665408932861\package\lib\server\dispatchers\frameDispatcher.js:178:37)
    at FrameDispatcher._handleCommand (C:\Users\Amizhth\AppData\Local\Temp\playwright-java-7981198665408932861\package\lib\server\dispatchers\dispatcher.js:96:40)
    at DispatcherConnection.dispatch (C:\Users\Amizhth\AppData\Local\Temp\playwright-java-7981198665408932861\package\lib\server\dispatchers\dispatcher.js:366:39)
}
Call log:
-   - waiting for getByText("#mobileNumber-helper-text")

at com.microsoft.playwright.impl.Connection.dispatch(Connection.java:254)
at com.microsoft.playwright.impl.Connection.processOneMessage(Connection.java:211)
at com.microsoft.playwright.impl.ChannelOwner.runUntil(ChannelOwner.java:130)
... 39 more
]]>
    </error>
  </testcase> <!-- verifyMobileNumberDoesNotAcceptAlphabets -->
</testsuite> <!-- com.qa.tests.LoginPageTest -->
